Flow report for Ident_Player
Fri Sep 13 08:25:09 2024
Quartus Prime Version 23.1std.1 Build 993 05/14/2024 SC Lite Edition


---------------------
; Table of Contents ;
---------------------
  1. Legal Notice
  2. Flow Summary
  3. Flow Settings
  4. Flow Non-Default Global Settings
  5. Flow Elapsed Time
  6. Flow OS Summary
  7. Flow Log
  8. Flow Messages
  9. Flow Suppressed Messages



----------------
; Legal Notice ;
----------------
Copyright (C) 2024  Intel Corporation. All rights reserved.
Your use of Intel Corporation's design tools, logic functions 
and other software and tools, and any partner logic 
functions, and any output files from any of the foregoing 
(including device programming or simulation files), and any 
associated documentation or information are expressly subject 
to the terms and conditions of the Intel Program License 
Subscription Agreement, the Intel Quartus Prime License Agreement,
the Intel FPGA IP License Agreement, or other applicable license
agreement, including, without limitation, that your use is for
the sole purpose of programming logic devices manufactured by
Intel and sold by Intel or its authorized distributors.  Please
refer to the applicable agreement for further details, at
https://fpgasoftware.intel.com/eula.



+-------------------------------------------------------------------------------------+
; Flow Summary                                                                        ;
+------------------------------------+------------------------------------------------+
; Flow Status                        ; Successful - Fri Sep 13 08:25:06 2024          ;
; Quartus Prime Version              ; 23.1std.1 Build 993 05/14/2024 SC Lite Edition ;
; Revision Name                      ; Ident_Player                                   ;
; Top-level Entity Name              ; Ident_Player_TOP                               ;
; Family                             ; MAX 10                                         ;
; Device                             ; 10M50DAF484C7G                                 ;
; Timing Models                      ; Final                                          ;
; Total logic elements               ; 2 / 49,760 ( < 1 % )                           ;
;     Total combinational functions  ; 1 / 49,760 ( < 1 % )                           ;
;     Dedicated logic registers      ; 1 / 49,760 ( < 1 % )                           ;
; Total registers                    ; 1                                              ;
; Total pins                         ; 165 / 360 ( 46 % )                             ;
; Total virtual pins                 ; 0                                              ;
; Total memory bits                  ; 0 / 1,677,312 ( 0 % )                          ;
; Embedded Multiplier 9-bit elements ; 0 / 288 ( 0 % )                                ;
; Total PLLs                         ; 0 / 4 ( 0 % )                                  ;
; UFM blocks                         ; 0 / 1 ( 0 % )                                  ;
; ADC blocks                         ; 0 / 2 ( 0 % )                                  ;
+------------------------------------+------------------------------------------------+


+-----------------------------------------+
; Flow Settings                           ;
+-------------------+---------------------+
; Option            ; Setting             ;
+-------------------+---------------------+
; Start date & time ; 09/13/2024 08:24:50 ;
; Main task         ; Compilation         ;
; Revision Name     ; Ident_Player        ;
+-------------------+---------------------+


+------------------------------------------------------------------------------------------------------------------------------+
; Flow Non-Default Global Settings                                                                                             ;
+-------------------------------------+----------------------------------------+---------------+------------------+------------+
; Assignment Name                     ; Value                                  ; Default Value ; Entity Name      ; Section Id ;
+-------------------------------------+----------------------------------------+---------------+------------------+------------+
; COMPILER_SIGNATURE_ID               ; 27214213623489.172620869009556         ; --            ; --               ; --         ;
; MAX_CORE_JUNCTION_TEMP              ; 85                                     ; --            ; --               ; --         ;
; MIN_CORE_JUNCTION_TEMP              ; 0                                      ; --            ; --               ; --         ;
; PARTITION_COLOR                     ; -- (Not supported for targeted family) ; --            ; Ident_Player_TOP ; Top        ;
; PARTITION_FITTER_PRESERVATION_LEVEL ; -- (Not supported for targeted family) ; --            ; Ident_Player_TOP ; Top        ;
; PARTITION_NETLIST_TYPE              ; -- (Not supported for targeted family) ; --            ; Ident_Player_TOP ; Top        ;
; POWER_BOARD_THERMAL_MODEL           ; None (CONSERVATIVE)                    ; --            ; --               ; --         ;
; POWER_PRESET_COOLING_SOLUTION       ; 23 MM HEAT SINK WITH 200 LFPM AIRFLOW  ; --            ; --               ; --         ;
; TOP_LEVEL_ENTITY                    ; Ident_Player_TOP                       ; Ident_Player  ; --               ; --         ;
; VHDL_INPUT_VERSION                  ; VHDL_2008                              ; VHDL_1993     ; --               ; --         ;
; VHDL_SHOW_LMF_MAPPING_MESSAGES      ; Off                                    ; --            ; --               ; --         ;
+-------------------------------------+----------------------------------------+---------------+------------------+------------+


+--------------------------------------------------------------------------------------------------------------------------+
; Flow Elapsed Time                                                                                                        ;
+----------------------+--------------+-------------------------+---------------------+------------------------------------+
; Module Name          ; Elapsed Time ; Average Processors Used ; Peak Virtual Memory ; Total CPU Time (on all processors) ;
+----------------------+--------------+-------------------------+---------------------+------------------------------------+
; Analysis & Synthesis ; 00:00:06     ; 1.0                     ; 4873 MB             ; 00:00:07                           ;
; Fitter               ; 00:00:06     ; 1.0                     ; 6584 MB             ; 00:00:07                           ;
; Assembler            ; 00:00:02     ; 1.0                     ; 4728 MB             ; 00:00:02                           ;
; Timing Analyzer      ; 00:00:02     ; 1.0                     ; 4937 MB             ; 00:00:02                           ;
; Total                ; 00:00:16     ; --                      ; --                  ; 00:00:18                           ;
+----------------------+--------------+-------------------------+---------------------+------------------------------------+


+------------------------------------------------------------------------------------+
; Flow OS Summary                                                                    ;
+----------------------+------------------+------------+------------+----------------+
; Module Name          ; Machine Hostname ; OS Name    ; OS Version ; Processor type ;
+----------------------+------------------+------------+------------+----------------+
; Analysis & Synthesis ; DESKTOP-5EPU23T  ; Windows 10 ; 10.0       ; x86_64         ;
; Fitter               ; DESKTOP-5EPU23T  ; Windows 10 ; 10.0       ; x86_64         ;
; Assembler            ; DESKTOP-5EPU23T  ; Windows 10 ; 10.0       ; x86_64         ;
; Timing Analyzer      ; DESKTOP-5EPU23T  ; Windows 10 ; 10.0       ; x86_64         ;
+----------------------+------------------+------------+------------+----------------+


------------
; Flow Log ;
------------
quartus_map --read_settings_files=on --write_settings_files=off Ident_Player -c Ident_Player
quartus_fit --read_settings_files=off --write_settings_files=off Ident_Player -c Ident_Player
quartus_asm --read_settings_files=off --write_settings_files=off Ident_Player -c Ident_Player
quartus_sta Ident_Player -c Ident_Player



